
IMA Automated Framework Summary Report
==========================================================================================================================================
Build Type:       personal
Server Release:   IMADev @ 20191029-0857
Proxy Release:    IMADev @ 20191029-0857
Client Release:   IMADev @ 20191029-0857
Test Release:     IMADev @ 20191029-0857
Test Group:       bvt_be031
Total Time:       00:41:03

Total Results:    Passed:    20   Failed:     0   Success: 100.00%
                   

Platform Results:
-------------------
CCI_CENTOS_DOCKER:    Passed:    20   Failed:     0   Success: 100.00%

Individual Results:
-------------------
JMS:                  Passed:    10   Failed:     0   Success: 100.00%
MQTT:                 Passed:    10   Failed:     0   Success: 100.00%

==========================================================================================================================================
================================================== Summary of Individual Test Runs =======================================================
==========================================================================================================================================
ismClient           A1AFbvtCOD03a A2AFbvtCOD03b M1AFbvt03                                           Passed: 20    Failed: 0
