
IMA Automated Framework Summary Report
==========================================================================================================================================
Build Type:       personal
Server Release:   IMA15a @ 20150921-0538
Proxy Release:    IMA15a @ 20150921-0538
Client Release:   IMA15a @ 20150921-0538
Test Release:     IMA15a @ 20150921-0538
Test Group:       bvt_be17
Total Time:       01:32:16

Total Results:    Passed:    22   Failed:     0   Success: 100.00%
                   

Platform Results:
-------------------
DOCKER:           Passed:    22   Failed:     0   Success: 100.00%

Individual Results:
-------------------
JMS:              Passed:    12   Failed:     0   Success: 100.00%
MQTT:             Passed:     9   Failed:     0   Success: 100.00%
WS:               Passed:     1   Failed:     0   Success: 100.00%

==========================================================================================================================================
================================================== Summary of Individual Test Runs =======================================================
==========================================================================================================================================
ismClient           A1AFbvtCOD01 A2AFbvtRHD01 M1AFbvt01                                             Passed: 22    Failed: 0
