
IMA Automated Framework Summary Report
==========================================================================================================================================
Build Type:       personal
Server Release:   IMA15a @ 20150829-1946
Proxy Release:    IMA15a @ 20150829-1946
Client Release:   IMA15a @ 20150829-1946
Test Release:     IMA15a @ 20150829-1946
Test Group:       bvt_be19
Total Time:       00:40:16

Total Results:    Passed:    22   Failed:     0   Success: 100.00%
                   

Platform Results:
-------------------
DOCKER:           Passed:    22   Failed:     0   Success: 100.00%

Individual Results:
-------------------
JMS:              Passed:    12   Failed:     0   Success: 100.00%
MQTT:             Passed:     9   Failed:     0   Success: 100.00%
WS:               Passed:     1   Failed:     0   Success: 100.00%

==========================================================================================================================================
================================================== Summary of Individual Test Runs =======================================================
==========================================================================================================================================
ismClient           A1AFbvtCOD02 A2AFbvtRHD02 M1AFbvt02                                             Passed: 22    Failed: 0
