
IMA Automated Framework Summary Report
==========================================================================================================================================
Build Type:       personal
Server Release:   IMADev @ 20190923-1113
Proxy Release:    IMADev @ 20190923-1113
Client Release:   IMADev @ 20190923-1113
Test Release:     IMADev @ 20190923-1113
Test Group:       bvt_be032
Total Time:       00:44:44

Total Results:    Passed:    20   Failed:     0   Success: 100.00%
                   

Platform Results:
-------------------
CCI_CENTOS_DOCKER:    Passed:    20   Failed:     0   Success: 100.00%

Individual Results:
-------------------
JMS:                  Passed:    10   Failed:     0   Success: 100.00%
MQTT:                 Passed:    10   Failed:     0   Success: 100.00%

==========================================================================================================================================
================================================== Summary of Individual Test Runs =======================================================
==========================================================================================================================================
ismClient           A1AFbvtCOD06a A2AFbvtCOD06b M1AFbvt06                                           Passed: 20    Failed: 0
